{"level":"info","message":"Posts: [object Object],[object Object],[object Object],[object Object],[object Object],[object Object],[object Object],[object Object],[object Object],[object Object]"}
{"level":"info","message":"Posts: [object Object],[object Object],[object Object],[object Object],[object Object],[object Object],[object Object],[object Object],[object Object],[object Object]"}
{"level":"info","message":"Posts: [object Object],[object Object],[object Object],[object Object],[object Object],[object Object],[object Object],[object Object],[object Object],[object Object]"}
{"level":"info","message":"Posts: [object Object],[object Object],[object Object],[object Object],[object Object],[object Object],[object Object],[object Object],[object Object],[object Object]"}
{"level":"info","message":"Posts: [object Object],[object Object],[object Object],[object Object],[object Object],[object Object],[object Object],[object Object],[object Object],[object Object]"}
{"level":"info","message":"Posts: [object Object],[object Object],[object Object],[object Object],[object Object],[object Object],[object Object],[object Object],[object Object],[object Object]"}
{"level":"info","message":"Posts: [object Object],[object Object],[object Object],[object Object],[object Object],[object Object],[object Object],[object Object],[object Object],[object Object]"}
{"level":"info","message":"Posts: [object Object],[object Object],[object Object],[object Object],[object Object],[object Object],[object Object],[object Object],[object Object],[object Object]"}
{"level":"info","message":"Posts: [object Object],[object Object],[object Object],[object Object],[object Object],[object Object],[object Object],[object Object],[object Object],[object Object]"}
{"level":"info","message":"Posts: [object Object],[object Object],[object Object],[object Object],[object Object],[object Object],[object Object],[object Object],[object Object],[object Object]"}
{"level":"info","message":"Posts obtidos com sucesso"}
{"level":"info","message":"Posts obtidos com sucesso"}
{"level":"info","message":"Posts: [object Object],[object Object],[object Object],[object Object],[object Object],[object Object],[object Object],[object Object],[object Object],[object Object]"}
{"level":"info","message":"Posts: [object Object],[object Object],[object Object],[object Object],[object Object],[object Object],[object Object],[object Object],[object Object],[object Object]"}
{"level":"info","message":"Posts: [object Object],[object Object],[object Object],[object Object],[object Object],[object Object],[object Object],[object Object],[object Object],[object Object]"}
{"level":"info","message":"Posts: [object Object],[object Object],[object Object],[object Object],[object Object],[object Object],[object Object],[object Object],[object Object],[object Object]"}
{"level":"info","message":"Posts: [object Object],[object Object],[object Object],[object Object],[object Object],[object Object],[object Object],[object Object],[object Object],[object Object]"}
{"level":"info","message":"Posts: [object Object],[object Object],[object Object],[object Object],[object Object],[object Object],[object Object],[object Object],[object Object],[object Object]"}
{"level":"info","message":"Posts: [object Object],[object Object],[object Object],[object Object],[object Object],[object Object],[object Object],[object Object],[object Object],[object Object]"}
{"level":"info","message":"Posts: [object Object],[object Object],[object Object],[object Object],[object Object],[object Object],[object Object],[object Object],[object Object],[object Object]"}
{"level":"info","message":"Posts: [object Object],[object Object],[object Object],[object Object],[object Object],[object Object],[object Object],[object Object],[object Object],[object Object]"}
{"level":"info","message":"Posts: [object Object],[object Object],[object Object],[object Object],[object Object],[object Object],[object Object],[object Object],[object Object],[object Object]"}
{"level":"info","message":"Posts: [object Object],[object Object],[object Object],[object Object],[object Object],[object Object],[object Object],[object Object],[object Object],[object Object]"}
{"level":"info","message":"Posts: [object Object],[object Object],[object Object],[object Object],[object Object],[object Object],[object Object],[object Object],[object Object],[object Object]"}
{"level":"info","message":"Posts: [object Object],[object Object],[object Object],[object Object],[object Object],[object Object],[object Object],[object Object],[object Object],[object Object]"}
{"level":"info","message":"Posts: [object Object],[object Object],[object Object],[object Object],[object Object],[object Object],[object Object],[object Object],[object Object],[object Object]"}
{"level":"info","message":"Posts: [object Object],[object Object],[object Object],[object Object],[object Object],[object Object],[object Object],[object Object],[object Object],[object Object]"}
{"level":"info","message":"Posts: [object Object],[object Object],[object Object],[object Object],[object Object],[object Object],[object Object],[object Object],[object Object],[object Object]"}
{"level":"info","message":"Posts obtidos com sucesso"}
{"level":"info","message":"Posts obtidos com sucesso"}
{"level":"info","message":"Posts obtidos com sucesso"}
{"level":"info","message":"Posts: [object Object],[object Object],[object Object],[object Object],[object Object],[object Object],[object Object],[object Object],[object Object],[object Object]"}
{"level":"info","message":"Posts: [object Object],[object Object],[object Object],[object Object],[object Object],[object Object],[object Object],[object Object],[object Object],[object Object]"}
{"level":"info","message":"Posts obtidos com sucesso"}
{"level":"info","message":"Posts obtidos com sucesso"}
{"level":"info","message":"Posts: [object Object],[object Object],[object Object],[object Object],[object Object],[object Object],[object Object],[object Object],[object Object],[object Object]"}
{"level":"info","message":"Posts: [object Object],[object Object],[object Object],[object Object],[object Object],[object Object],[object Object],[object Object],[object Object],[object Object]"}
{"level":"info","message":"Posts: [object Object],[object Object],[object Object],[object Object],[object Object],[object Object],[object Object],[object Object],[object Object],[object Object]"}
{"level":"info","message":"Posts: [object Object],[object Object],[object Object],[object Object],[object Object],[object Object],[object Object],[object Object],[object Object],[object Object]"}
{"level":"info","message":"Posts obtidos com sucesso"}
{"level":"info","message":"Posts: [object Object],[object Object],[object Object],[object Object],[object Object],[object Object],[object Object],[object Object],[object Object],[object Object]"}
{"level":"info","message":"Posts: [object Object],[object Object],[object Object],[object Object],[object Object],[object Object],[object Object],[object Object],[object Object],[object Object]"}
{"level":"info","message":"Posts: [object Object],[object Object],[object Object],[object Object],[object Object],[object Object],[object Object],[object Object],[object Object],[object Object]"}
{"level":"info","message":"Posts: [object Object],[object Object],[object Object],[object Object],[object Object],[object Object],[object Object],[object Object],[object Object],[object Object]"}
{"level":"info","message":"Posts: [object Object],[object Object],[object Object],[object Object],[object Object],[object Object],[object Object],[object Object],[object Object],[object Object]"}
{"level":"info","message":"Posts: [object Object],[object Object],[object Object],[object Object],[object Object],[object Object],[object Object],[object Object],[object Object],[object Object]"}
{"level":"info","message":"Posts: [object Object],[object Object],[object Object],[object Object],[object Object],[object Object],[object Object],[object Object],[object Object],[object Object]"}
{"level":"info","message":"Posts: [object Object],[object Object],[object Object],[object Object],[object Object],[object Object],[object Object],[object Object],[object Object],[object Object]"}
{"level":"info","message":"Posts: [object Object],[object Object],[object Object],[object Object],[object Object],[object Object],[object Object],[object Object],[object Object],[object Object]"}
{"level":"info","message":"Posts: [object Object],[object Object],[object Object],[object Object],[object Object],[object Object],[object Object],[object Object],[object Object],[object Object]"}
{"level":"info","message":"Posts: [object Object],[object Object],[object Object],[object Object],[object Object],[object Object],[object Object],[object Object],[object Object],[object Object]"}
{"level":"info","message":"Posts: [object Object],[object Object],[object Object],[object Object],[object Object],[object Object],[object Object],[object Object],[object Object],[object Object]"}
{"level":"info","message":"Posts: [object Object],[object Object],[object Object],[object Object],[object Object],[object Object],[object Object],[object Object],[object Object],[object Object]"}
{"level":"info","message":"Posts: [object Object],[object Object],[object Object],[object Object],[object Object],[object Object],[object Object],[object Object],[object Object],[object Object]"}
{"level":"info","message":"Posts: [object Object],[object Object],[object Object],[object Object],[object Object],[object Object],[object Object],[object Object],[object Object],[object Object]"}
{"error":{"clientVersion":"5.13.0","name":"PrismaClientValidationError"},"level":"error","message":"Falha ao obter posts"}
{"error":{"clientVersion":"5.13.0","name":"PrismaClientValidationError"},"level":"error","message":"Falha ao obter posts"}
{"error":{"clientVersion":"5.13.0","name":"PrismaClientValidationError"},"level":"error","message":"Falha ao obter posts"}
{"error":{"clientVersion":"5.13.0","name":"PrismaClientValidationError"},"level":"error","message":"Falha ao obter posts"}
{"level":"info","message":"Posts: [object Object],[object Object],[object Object],[object Object],[object Object],[object Object],[object Object],[object Object],[object Object],[object Object]"}
{"level":"info","message":"Posts: [object Object],[object Object],[object Object],[object Object],[object Object],[object Object],[object Object],[object Object],[object Object],[object Object]"}
{"level":"info","message":"Posts: [object Object],[object Object],[object Object],[object Object],[object Object],[object Object],[object Object],[object Object],[object Object],[object Object]"}
{"level":"info","message":"Posts: [object Object],[object Object],[object Object],[object Object],[object Object],[object Object],[object Object],[object Object],[object Object],[object Object]"}
{"level":"info","message":"Posts: [object Object],[object Object],[object Object],[object Object],[object Object],[object Object],[object Object],[object Object],[object Object],[object Object]"}
{"level":"info","message":"Posts: [object Object],[object Object],[object Object],[object Object],[object Object],[object Object],[object Object],[object Object],[object Object],[object Object]"}
{"level":"info","message":"Posts: [object Object],[object Object],[object Object],[object Object],[object Object],[object Object],[object Object],[object Object],[object Object],[object Object]"}
{"level":"info","message":"Posts: [object Object],[object Object],[object Object],[object Object],[object Object],[object Object],[object Object],[object Object],[object Object],[object Object]"}
{"level":"info","message":"Posts: [object Object],[object Object],[object Object],[object Object],[object Object],[object Object],[object Object],[object Object],[object Object],[object Object]"}
{"level":"info","message":"Posts: [object Object],[object Object],[object Object],[object Object],[object Object],[object Object],[object Object],[object Object],[object Object],[object Object]"}
{"level":"info","message":"Posts: [object Object],[object Object],[object Object],[object Object],[object Object],[object Object],[object Object],[object Object],[object Object],[object Object]"}
{"level":"info","message":"Posts: [object Object],[object Object],[object Object],[object Object],[object Object],[object Object],[object Object],[object Object],[object Object],[object Object]"}
{"level":"info","message":"Posts: [object Object],[object Object],[object Object],[object Object],[object Object],[object Object],[object Object],[object Object],[object Object],[object Object]"}
{"level":"info","message":"Posts: [object Object],[object Object],[object Object],[object Object],[object Object],[object Object],[object Object],[object Object],[object Object],[object Object]"}
{"level":"info","message":"Posts: [object Object],[object Object],[object Object],[object Object],[object Object],[object Object],[object Object],[object Object],[object Object],[object Object]"}
{"level":"info","message":"Posts: [object Object],[object Object],[object Object],[object Object],[object Object],[object Object],[object Object],[object Object],[object Object],[object Object]"}
{"level":"info","message":"Posts: [object Object],[object Object],[object Object],[object Object],[object Object],[object Object],[object Object],[object Object],[object Object],[object Object]"}
{"level":"info","message":"Posts: [object Object],[object Object],[object Object],[object Object],[object Object],[object Object],[object Object],[object Object],[object Object],[object Object]"}
{"level":"info","message":"Posts: [object Object],[object Object],[object Object],[object Object],[object Object],[object Object],[object Object],[object Object],[object Object],[object Object]"}
{"level":"info","message":"Posts: [object Object],[object Object],[object Object],[object Object],[object Object],[object Object],[object Object],[object Object],[object Object],[object Object]"}
{"level":"info","message":"Posts: [object Object],[object Object],[object Object],[object Object],[object Object],[object Object],[object Object],[object Object],[object Object],[object Object]"}
{"level":"info","message":"Posts: [object Object],[object Object],[object Object],[object Object],[object Object],[object Object],[object Object],[object Object],[object Object],[object Object]"}
{"level":"info","message":"Posts: [object Object],[object Object],[object Object],[object Object],[object Object],[object Object],[object Object],[object Object],[object Object],[object Object]"}
{"level":"info","message":"Posts: [object Object],[object Object],[object Object],[object Object],[object Object],[object Object],[object Object],[object Object],[object Object],[object Object]"}
{"level":"info","message":"Posts: [object Object],[object Object],[object Object],[object Object],[object Object],[object Object],[object Object],[object Object],[object Object],[object Object]"}
{"error":{"clientVersion":"5.13.0","name":"PrismaClientValidationError"},"level":"error","message":"Falha ao obter posts"}
{"error":{"clientVersion":"5.13.0","name":"PrismaClientValidationError"},"level":"error","message":"Falha ao obter posts"}
{"error":{"clientVersion":"5.13.0","name":"PrismaClientValidationError"},"level":"error","message":"Falha ao obter posts"}
{"level":"info","message":"Posts: [object Object],[object Object],[object Object],[object Object],[object Object],[object Object],[object Object],[object Object],[object Object],[object Object]"}
{"level":"info","message":"Posts: [object Object],[object Object],[object Object],[object Object],[object Object],[object Object],[object Object],[object Object],[object Object],[object Object]"}
{"level":"info","message":"Posts: [object Object],[object Object],[object Object],[object Object],[object Object],[object Object],[object Object],[object Object],[object Object],[object Object]"}
{"level":"info","message":"Posts obtidos com sucesso"}
{"level":"info","message":"Posts: [object Object],[object Object],[object Object],[object Object],[object Object],[object Object],[object Object],[object Object],[object Object],[object Object]"}
{"level":"info","message":"Posts: [object Object],[object Object],[object Object],[object Object],[object Object],[object Object],[object Object],[object Object],[object Object],[object Object]"}
{"level":"info","message":"Posts: [object Object],[object Object],[object Object],[object Object],[object Object],[object Object],[object Object],[object Object],[object Object],[object Object]"}
{"level":"info","message":"Posts: [object Object],[object Object],[object Object],[object Object],[object Object],[object Object],[object Object],[object Object],[object Object],[object Object]"}
{"level":"info","message":"Posts: [object Object],[object Object],[object Object],[object Object],[object Object],[object Object],[object Object],[object Object],[object Object],[object Object]"}
{"level":"info","message":"Posts: [object Object],[object Object],[object Object],[object Object],[object Object],[object Object],[object Object],[object Object],[object Object],[object Object]"}
{"level":"info","message":"Posts: [object Object],[object Object],[object Object],[object Object],[object Object],[object Object],[object Object],[object Object],[object Object],[object Object]"}
{"level":"info","message":"Posts: [object Object],[object Object],[object Object],[object Object],[object Object],[object Object],[object Object],[object Object],[object Object],[object Object]"}
{"level":"info","message":"Posts: [object Object],[object Object],[object Object],[object Object],[object Object],[object Object],[object Object],[object Object],[object Object],[object Object]"}
{"level":"info","message":"Posts obtidos com sucesso"}
{"level":"info","message":"Posts: [object Object],[object Object],[object Object],[object Object],[object Object],[object Object],[object Object],[object Object],[object Object],[object Object]"}
{"level":"info","message":"Posts: [object Object],[object Object],[object Object],[object Object],[object Object],[object Object],[object Object],[object Object],[object Object],[object Object]"}
{"level":"info","message":"Posts: [object Object],[object Object],[object Object],[object Object],[object Object],[object Object],[object Object],[object Object],[object Object],[object Object]"}
{"level":"info","message":"Posts: [object Object],[object Object],[object Object],[object Object],[object Object],[object Object],[object Object],[object Object],[object Object],[object Object]"}
{"level":"info","message":"Posts: [object Object],[object Object],[object Object],[object Object],[object Object],[object Object],[object Object],[object Object],[object Object],[object Object]"}
{"level":"info","message":"Posts: [object Object],[object Object],[object Object],[object Object],[object Object],[object Object],[object Object],[object Object],[object Object],[object Object]"}
{"level":"info","message":"Posts: [object Object],[object Object],[object Object],[object Object],[object Object],[object Object],[object Object],[object Object],[object Object],[object Object]"}
{"level":"info","message":"Posts: [object Object],[object Object],[object Object],[object Object],[object Object],[object Object]"}
{"level":"info","message":"Posts: [object Object],[object Object],[object Object],[object Object],[object Object],[object Object]"}
{"level":"info","message":"Posts: [object Object],[object Object],[object Object],[object Object],[object Object],[object Object]"}
{"level":"info","message":"Posts: [object Object],[object Object],[object Object],[object Object],[object Object],[object Object]"}
{"level":"info","message":"Posts: [object Object],[object Object],[object Object],[object Object],[object Object],[object Object]"}
{"level":"info","message":"Posts: [object Object],[object Object],[object Object],[object Object],[object Object],[object Object]"}
{"level":"info","message":"Posts: [object Object],[object Object],[object Object],[object Object],[object Object],[object Object]"}
{"level":"info","message":"Posts: [object Object],[object Object],[object Object],[object Object],[object Object],[object Object]"}
{"level":"info","message":"Posts: [object Object],[object Object],[object Object],[object Object],[object Object],[object Object]"}
{"level":"info","message":"Posts: [object Object],[object Object],[object Object],[object Object],[object Object],[object Object]"}
{"level":"info","message":"Posts: [object Object],[object Object],[object Object],[object Object],[object Object],[object Object]"}
{"level":"info","message":"Posts: [object Object],[object Object],[object Object],[object Object],[object Object],[object Object]"}
{"level":"info","message":"Posts: [object Object],[object Object],[object Object],[object Object],[object Object],[object Object]"}
{"level":"info","message":"Posts: [object Object],[object Object],[object Object],[object Object],[object Object],[object Object]"}
{"level":"info","message":"Posts: [object Object],[object Object],[object Object],[object Object],[object Object],[object Object]"}
{"level":"info","message":"Posts: [object Object],[object Object],[object Object],[object Object],[object Object],[object Object]"}
{"level":"info","message":"Posts: [object Object],[object Object],[object Object],[object Object],[object Object],[object Object]"}
{"level":"info","message":"Posts: [object Object],[object Object],[object Object],[object Object],[object Object],[object Object]"}
{"level":"info","message":"Posts: [object Object],[object Object],[object Object],[object Object],[object Object],[object Object]"}
{"level":"info","message":"Posts: [object Object],[object Object],[object Object],[object Object],[object Object],[object Object]"}
{"level":"info","message":"Posts: [object Object],[object Object],[object Object],[object Object],[object Object],[object Object]"}
{"level":"info","message":"Posts: [object Object],[object Object],[object Object],[object Object],[object Object],[object Object]"}
{"level":"info","message":"Posts: [object Object],[object Object],[object Object],[object Object]"}
{"level":"info","message":"Posts: [object Object],[object Object],[object Object],[object Object],[object Object],[object Object]"}
{"level":"info","message":"Posts: "}
{"level":"info","message":"Posts: "}
{"level":"info","message":"Posts: "}
{"level":"info","message":"Posts: "}
{"level":"info","message":"Posts: "}
{"level":"info","message":"Posts: "}
{"level":"info","message":"Posts: "}
{"level":"info","message":"Posts: "}
{"level":"info","message":"Posts: "}
{"level":"info","message":"Posts: [object Object],[object Object],[object Object],[object Object],[object Object],[object Object]"}
{"level":"info","message":"Posts: [object Object],[object Object],[object Object],[object Object],[object Object],[object Object]"}
{"level":"info","message":"Posts: [object Object],[object Object],[object Object],[object Object],[object Object],[object Object]"}
{"level":"info","message":"Posts: [object Object],[object Object],[object Object],[object Object]"}
{"level":"info","message":"Posts: [object Object],[object Object],[object Object],[object Object],[object Object],[object Object]"}
{"level":"info","message":"Posts: "}
{"level":"info","message":"Posts: [object Object],[object Object],[object Object],[object Object],[object Object],[object Object]"}
{"level":"info","message":"Posts: [object Object],[object Object],[object Object],[object Object],[object Object],[object Object]"}
{"level":"info","message":"Posts: [object Object],[object Object],[object Object],[object Object],[object Object],[object Object]"}
{"level":"info","message":"Posts: [object Object],[object Object],[object Object],[object Object],[object Object],[object Object]"}
{"level":"info","message":"Posts: [object Object],[object Object],[object Object],[object Object]"}
{"level":"info","message":"Posts: [object Object],[object Object],[object Object],[object Object],[object Object],[object Object]"}
{"level":"info","message":"Posts: [object Object],[object Object],[object Object],[object Object],[object Object],[object Object]"}
{"level":"info","message":"Posts: [object Object],[object Object],[object Object],[object Object],[object Object],[object Object]"}
{"level":"info","message":"Posts: [object Object],[object Object],[object Object],[object Object]"}
{"level":"info","message":"Posts: [object Object],[object Object],[object Object],[object Object],[object Object],[object Object]"}
{"level":"info","message":"Posts: [object Object],[object Object],[object Object],[object Object],[object Object],[object Object]"}
{"level":"info","message":"Posts: [object Object],[object Object],[object Object],[object Object],[object Object],[object Object]"}
{"level":"info","message":"Posts: [object Object],[object Object],[object Object],[object Object],[object Object],[object Object]"}
{"level":"info","message":"Posts: [object Object],[object Object],[object Object],[object Object],[object Object],[object Object]"}
{"level":"info","message":"Posts: [object Object],[object Object],[object Object],[object Object],[object Object],[object Object]"}
{"level":"info","message":"Posts: [object Object],[object Object],[object Object],[object Object],[object Object],[object Object]"}
{"level":"info","message":"Posts: [object Object],[object Object],[object Object],[object Object],[object Object],[object Object]"}
{"level":"info","message":"Posts: [object Object],[object Object],[object Object],[object Object],[object Object],[object Object]"}
{"level":"info","message":"Posts: [object Object],[object Object],[object Object],[object Object],[object Object],[object Object]"}
{"level":"info","message":"Posts: [object Object],[object Object],[object Object],[object Object],[object Object],[object Object]"}
{"level":"info","message":"Posts: [object Object],[object Object],[object Object],[object Object]"}
{"level":"info","message":"Posts: [object Object],[object Object],[object Object],[object Object]"}
{"level":"info","message":"Posts: [object Object],[object Object],[object Object],[object Object],[object Object],[object Object]"}
{"level":"info","message":"Posts: [object Object],[object Object],[object Object],[object Object],[object Object],[object Object]"}
{"level":"info","message":"Posts: [object Object],[object Object],[object Object],[object Object],[object Object],[object Object]"}
{"level":"info","message":"Posts: [object Object],[object Object],[object Object],[object Object],[object Object],[object Object]"}
{"level":"info","message":"Posts: [object Object],[object Object],[object Object],[object Object],[object Object],[object Object]"}
{"level":"info","message":"Posts: [object Object],[object Object],[object Object],[object Object],[object Object],[object Object]"}
{"level":"info","message":"Posts: [object Object],[object Object],[object Object],[object Object],[object Object],[object Object]"}
{"level":"info","message":"Posts: [object Object],[object Object],[object Object],[object Object],[object Object],[object Object]"}
{"level":"info","message":"Posts: [object Object],[object Object],[object Object],[object Object],[object Object],[object Object]"}
{"level":"info","message":"Posts: [object Object],[object Object],[object Object],[object Object],[object Object],[object Object]"}
{"error":{},"level":"error","message":"Falha ao obter o post com o slug: ","slug":"vuejs-para-inicifantes"}
{"error":{},"level":"error","message":"Falha ao obter o post com o slug: ","slug":"vuejs-para-inasiciantes"}
{"error":{},"level":"error","message":"Falha ao obter o post com o slug: ","slug":"vuejs-para-iniciantesdf"}
{"level":"info","message":"Posts: [object Object],[object Object],[object Object],[object Object],[object Object],[object Object]"}
{"error":{},"level":"error","message":"Falha ao obter o post com o slug: ","slug":"sass-simplificasndo-o-css"}
{"level":"info","message":"Posts: [object Object],[object Object],[object Object],[object Object],[object Object],[object Object]"}
{"level":"info","message":"Posts: [object Object],[object Object],[object Object],[object Object],[object Object],[object Object]"}
{"error":{},"level":"error","message":"Falha ao obter o post com o slug: ","slug":"explorando-flexbox-no-csdsss"}
{"level":"info","message":"Posts: [object Object],[object Object],[object Object],[object Object],[object Object],[object Object]"}
{"error":{},"level":"error","message":"Falha ao obter o post com o slug: ","slug":"construindo-spa-e-vuejs"}
{"level":"info","message":"Posts: [object Object],[object Object],[object Object],[object Object],[object Object],[object Object]"}
{"level":"info","message":"Posts: [object Object],[object Object],[object Object],[object Object],[object Object],[object Object]"}
{"level":"info","message":"Posts: [object Object],[object Object],[object Object],[object Object],[object Object],[object Object]"}
{"level":"info","message":"Posts: [object Object],[object Object],[object Object],[object Object],[object Object],[object Object]"}
{"level":"info","message":"Posts: [object Object],[object Object],[object Object],[object Object],[object Object],[object Object]"}
{"level":"info","message":"Posts: [object Object],[object Object],[object Object],[object Object],[object Object],[object Object]"}
{"level":"info","message":"Posts: [object Object],[object Object],[object Object],[object Object],[object Object],[object Object]"}
{"level":"info","message":"Posts: [object Object],[object Object],[object Object],[object Object],[object Object],[object Object]"}
{"level":"info","message":"Posts: [object Object],[object Object],[object Object],[object Object],[object Object],[object Object]"}
{"level":"info","message":"Posts: [object Object],[object Object],[object Object],[object Object],[object Object],[object Object]"}
{"level":"info","message":"Posts: [object Object],[object Object],[object Object],[object Object],[object Object],[object Object]"}
{"level":"info","message":"Posts: [object Object],[object Object],[object Object],[object Object],[object Object],[object Object]"}
{"level":"info","message":"Posts: [object Object],[object Object],[object Object],[object Object],[object Object],[object Object]"}
{"level":"info","message":"Posts: [object Object],[object Object],[object Object],[object Object],[object Object],[object Object]"}
{"level":"info","message":"Posts: [object Object],[object Object],[object Object],[object Object],[object Object],[object Object]"}
